# JRE version: OpenJDK Runtime Environment (21.0.3) (build 21.0.3+-12282718-b509.11)
# Java VM: OpenJDK 64-Bit Server VM (21.0.3+-12282718-b509.11, mixed mode, tiered, compressed oops, compressed class ptrs, g1 gc, windows-amd64)
GC Precious Log:
 CardTable entry size: 512
 Card Set container configuration: InlinePtr #cards 5 size 8 Array Of Cards #cards 12 size 40 Howl #buckets 4 coarsen threshold 1843 Howl Bitmap #cards 512 size 80 coarsen threshold 460 Card regions per heap region 1 cards per card region 2048
 CPUs: 8 total, 8 available
 Memory: 3929M
 Large Page Support: Disabled
 NUMA Support: Disabled
 Compressed Oops: Enabled (32-bit)
 Heap Region Size: 1M
 Heap Min Capacity: 8M
 Heap Initial Capacity: 62M
 Heap Max Capacity: 2G
 Pre-touch: Disabled
 Parallel Workers: 8
 Concurrent Workers: 2
 Concurrent Refinement Workers: 8
 Periodic GC: Disabled
Heap:
 garbage-first heap   total 214016K, used 127781K [0x0000000080000000, 0x0000000100000000)
  region size 1024K, 3 young (3072K), 3 survivors (3072K)
 Metaspace       used 105502K, committed 107520K, reserved 1179648K
  class space    used 14369K, committed 15360K, reserved 1048576K
GC Heap History (20 events):
Event: 207.218 GC heap after
{Heap after GC invocations=34 (full 0):
 garbage-first heap   total 158720K, used 85403K [0x0000000080000000, 0x0000000100000000)
  region size 1024K, 8 young (8192K), 8 survivors (8192K)
 Metaspace       used 96450K, committed 98432K, reserved 1179648K
  class space    used 13282K, committed 14272K, reserved 1048576K
}
Event: 223.926 GC heap before
{Heap before GC invocations=35 (full 0):
 garbage-first heap   total 158720K, used 139675K [0x0000000080000000, 0x0000000100000000)
  region size 1024K, 62 young (63488K), 8 survivors (8192K)
 Metaspace       used 98133K, committed 100160K, reserved 1179648K
  class space    used 13558K, committed 14592K, reserved 1048576K
}
Event: 224.009 GC heap after
{Heap after GC invocations=36 (full 0):
 garbage-first heap   total 158720K, used 91136K [0x0000000080000000, 0x0000000100000000)
  region size 1024K, 8 young (8192K), 8 survivors (8192K)
 Metaspace       used 98133K, committed 100160K, reserved 1179648K
  class space    used 13558K, committed 14592K, reserved 1048576K
}
Event: 240.711 GC heap before
{Heap before GC invocations=36 (full 0):
 garbage-first heap   total 158720K, used 147456K [0x0000000080000000, 0x0000000100000000)
  region size 1024K, 57 young (58368K), 8 survivors (8192K)
 Metaspace       used 100235K, committed 102336K, reserved 1179648K
  class space    used 13758K, committed 14784K, reserved 1048576K
}
Event: 240.964 GC heap after
{Heap after GC invocations=37 (full 0):
 garbage-first heap   total 168960K, used 101588K [0x0000000080000000, 0x0000000100000000)
  region size 1024K, 8 young (8192K), 8 survivors (8192K)
 Metaspace       used 100235K, committed 102336K, reserved 1179648K
  class space    used 13758K, committed 14784K, reserved 1048576K
}
Event: 246.878 GC heap before
{Heap before GC invocations=37 (full 0):
 garbage-first heap   total 168960K, used 129236K [0x0000000080000000, 0x0000000100000000)
  region size 1024K, 36 young (36864K), 8 survivors (8192K)
 Metaspace       used 101408K, committed 103488K, reserved 1179648K
  class space    used 13902K, committed 14912K, reserved 1048576K
}
Event: 247.278 GC heap after
{Heap after GC invocations=38 (full 0):
 garbage-first heap   total 202752K, used 114394K [0x0000000080000000, 0x0000000100000000)
  region size 1024K, 5 young (5120K), 5 survivors (5120K)
 Metaspace       used 101408K, committed 103488K, reserved 1179648K
  class space    used 13902K, committed 14912K, reserved 1048576K
}
Event: 248.557 GC heap before
{Heap before GC invocations=38 (full 0):
 garbage-first heap   total 202752K, used 118490K [0x0000000080000000, 0x0000000100000000)
  region size 1024K, 9 young (9216K), 5 survivors (5120K)
 Metaspace       used 101480K, committed 103552K, reserved 1179648K
  class space    used 13907K, committed 14912K, reserved 1048576K
}
Event: 248.574 GC heap after
{Heap after GC invocations=39 (full 0):
 garbage-first heap   total 202752K, used 115030K [0x0000000080000000, 0x0000000100000000)
  region size 1024K, 1 young (1024K), 1 survivors (1024K)
 Metaspace       used 101480K, committed 103552K, reserved 1179648K
  class space    used 13907K, committed 14912K, reserved 1048576K
}
Event: 252.651 GC heap before
{Heap before GC invocations=39 (full 0):
 garbage-first heap   total 202752K, used 124246K [0x0000000080000000, 0x0000000100000000)
  region size 1024K, 12 young (12288K), 1 survivors (1024K)
 Metaspace       used 101613K, committed 103680K, reserved 1179648K
  class space    used 13916K, committed 14976K, reserved 1048576K
}
Event: 253.432 GC heap after
{Heap after GC invocations=40 (full 0):
 garbage-first heap   total 202752K, used 124078K [0x0000000080000000, 0x0000000100000000)
  region size 1024K, 8 young (8192K), 8 survivors (8192K)
 Metaspace       used 101613K, committed 103680K, reserved 1179648K
  class space    used 13916K, committed 14976K, reserved 1048576K
}
Event: 259.460 GC heap before
{Heap before GC invocations=40 (full 0):
 garbage-first heap   total 202752K, used 144558K [0x0000000080000000, 0x0000000100000000)
  region size 1024K, 13 young (13312K), 8 survivors (8192K)
 Metaspace       used 101921K, committed 104000K, reserved 1179648K
  class space    used 13951K, committed 14976K, reserved 1048576K
}
Event: 259.485 GC heap after
{Heap after GC invocations=41 (full 0):
 garbage-first heap   total 202752K, used 124916K [0x0000000080000000, 0x0000000100000000)
  region size 1024K, 1 young (1024K), 1 survivors (1024K)
 Metaspace       used 101921K, committed 104000K, reserved 1179648K
  class space    used 13951K, committed 14976K, reserved 1048576K
}
Event: 278.576 GC heap before
{Heap before GC invocations=42 (full 0):
 garbage-first heap   total 214016K, used 168948K [0x0000000080000000, 0x0000000100000000)
  region size 1024K, 45 young (46080K), 1 survivors (1024K)
 Metaspace       used 104473K, committed 106560K, reserved 1179648K
  class space    used 14227K, committed 15232K, reserved 1048576K
}
Event: 278.806 GC heap after
{Heap after GC invocations=43 (full 0):
 garbage-first heap   total 214016K, used 128975K [0x0000000080000000, 0x0000000100000000)
  region size 1024K, 5 young (5120K), 5 survivors (5120K)
 Metaspace       used 104473K, committed 106560K, reserved 1179648K
  class space    used 14227K, committed 15232K, reserved 1048576K
}
Event: 284.769 GC heap before
{Heap before GC invocations=43 (full 0):
 garbage-first heap   total 214016K, used 145359K [0x0000000080000000, 0x0000000100000000)
  region size 1024K, 22 young (22528K), 5 survivors (5120K)
 Metaspace       used 104473K, committed 106560K, reserved 1179648K
  class space    used 14227K, committed 15232K, reserved 1048576K
}
Event: 285.000 GC heap after
{Heap after GC invocations=44 (full 0):
 garbage-first heap   total 214016K, used 127740K [0x0000000080000000, 0x0000000100000000)
  region size 1024K, 3 young (3072K), 3 survivors (3072K)
 Metaspace       used 104473K, committed 106560K, reserved 1179648K
  class space    used 14227K, committed 15232K, reserved 1048576K
}
Event: 289.636 GC heap before
{Heap before GC invocations=44 (full 0):
 garbage-first heap   total 214016K, used 142076K [0x0000000080000000, 0x0000000100000000)
  region size 1024K, 17 young (17408K), 3 survivors (3072K)
 Metaspace       used 104480K, committed 106560K, reserved 1179648K
  class space    used 14227K, committed 15232K, reserved 1048576K
}
Event: 289.815 GC heap after
{Heap after GC invocations=45 (full 0):
 garbage-first heap   total 214016K, used 127572K [0x0000000080000000, 0x0000000100000000)
  region size 1024K, 3 young (3072K), 3 survivors (3072K)
 Metaspace       used 104480K, committed 106560K, reserved 1179648K
  class space    used 14227K, committed 15232K, reserved 1048576K
}
Event: 293.526 GC heap before
{Heap before GC invocations=45 (full 0):
 garbage-first heap   total 214016K, used 143956K [0x0000000080000000, 0x0000000100000000)
  region size 1024K, 20 young (20480K), 3 survivors (3072K)
 Metaspace       used 105502K, committed 107520K, reserved 1179648K
  class space    used 14369K, committed 15360K, reserved 1048576K
}

